>>>  
>>>  -- Student Name: Lee Yu Xian
>>>  -- Student Number: 7233164
>>>  
>>>  -- Create table for student numbers and evaluation of subjects
>>>  create table studeva( 
stdno		decimal(7), 
evaluation	array<map<string, int>> );
No rows affected (0.034 seconds)
>>>  
>>>  desc studeva;
+-------------+-------------------------+----------+--+
|  col_name   |        data_type        | comment  |
+-------------+-------------------------+----------+--+
| stdno       | decimal(7,0)            |          |
| evaluation  | array<map<string,int>>  |          |
+-------------+-------------------------+----------+--+
2 rows selected (0.018 seconds)
>>>  
>>>  -- Inserting sample data into table
>>>  insert into studeva 
select '1111', array(map('CSIT111',01),map('CSIT121',23),map('CSIT101',50),map('CSIT235',99),map('ISIT312',02));
WARNING: Hive-on-MR is deprecated in Hive 2 and may not be available in the future versions. Consider using a different execution engine (i.e. spark, tez) or using Hive 1.X releases.
No rows affected (11.773 seconds)
>>>  insert into studeva 
select '1112', array(map('CSIT101',56),map('CSIT111',78),map('CSIT115',10),map('ISIT312',05));
WARNING: Hive-on-MR is deprecated in Hive 2 and may not be available in the future versions. Consider using a different execution engine (i.e. spark, tez) or using Hive 1.X releases.
No rows affected (14.403 seconds)
>>>  insert into studeva 
select '1113', array(map('CSIT121',76),map('CSIT235',87),map('ISIT312',49));
WARNING: Hive-on-MR is deprecated in Hive 2 and may not be available in the future versions. Consider using a different execution engine (i.e. spark, tez) or using Hive 1.X releases.
No rows affected (13.948 seconds)
>>>  insert into studeva 
select '1114', array(map('CSIT111',50),map('ISIT312',45));
WARNING: Hive-on-MR is deprecated in Hive 2 and may not be available in the future versions. Consider using a different execution engine (i.e. spark, tez) or using Hive 1.X releases.
No rows affected (14.691 seconds)
>>>  insert into studeva 
select '1115', array(map('ISIT115',67),map('CSCI235',45),map('CSIT127',56));
WARNING: Hive-on-MR is deprecated in Hive 2 and may not be available in the future versions. Consider using a different execution engine (i.e. spark, tez) or using Hive 1.X releases.
No rows affected (13.974 seconds)
>>>  
>>>  -- List contents of the table
>>>  select * from studeva;
+----------------+-----------------------------------------------------------------------------+--+
| studeva.stdno  |                             studeva.evaluation                              |
+----------------+-----------------------------------------------------------------------------+--+
| 1111           | [{"CSIT111":1},{"CSIT121":23},{"CSIT101":50},{"CSIT235":99},{"ISIT312":2}]  |
| 1112           | [{"CSIT101":56},{"CSIT111":78},{"CSIT115":10},{"ISIT312":5}]                |
| 1113           | [{"CSIT121":76},{"CSIT235":87},{"ISIT312":49}]                              |
| 1114           | [{"CSIT111":50},{"ISIT312":45}]                                             |
| 1115           | [{"ISIT115":67},{"CSCI235":45},{"CSIT127":56}]                              |
+----------------+-----------------------------------------------------------------------------+--+
5 rows selected (0.052 seconds)
>>>  
>>>  -- Spring cleaning
>>>  drop table studeva;
No rows affected (0.026 seconds)
>>>  
>>>  !record
