/* Student Name: 	Lee Yu Xian */
/* Student Number: 	7233164 */

HBase Shell; enter 'help<RETURN>' for list of supported commands.
Type "exit<RETURN>" to leave the HBase Shell
Version 1.2.6, rUnknown, Mon May 29 02:25:32 CDT 2017

create 'task1', 'APPLICATION','EMPLOYER','APPLICANT','POSITION'
0 row(s) in 2.3690 seconds

Hbase::Table - task1

put 'task1','employer|SIM','EMPLOYER:ename','Singapore Institute of Management'
0 row(s) in 0.0730 seconds

put 'task1','employer|SIM','EMPLOYER:phone','1234567890'
0 row(s) in 0.0040 seconds


put 'task1','employer|UOW','EMPLOYER:ename','University of Wollongong'
0 row(s) in 0.0030 seconds

put 'task1','employer|UOW','EMPLOYER:Phone','0987654321'
0 row(s) in 0.0060 seconds


put 'task1','position|312','POSITION:position-number','312'
0 row(s) in 0.0040 seconds

put 'task1','position|312','POSITION:title','Big Data Manager'
0 row(s) in 0.0020 seconds

put 'task1','position|312','POSITION:salary','600000'
0 row(s) in 0.0070 seconds


put 'task1','position|313','POSITION:position-number','313'
0 row(s) in 0.0060 seconds

put 'task1','position|313','POSITION:title','Very Big Data Manager'
0 row(s) in 0.0020 seconds

put 'task1','position|313','POSITION:salary','700000'
0 row(s) in 0.0040 seconds


put 'task1','applicant|312','APPLICANT:number','007'
0 row(s) in 0.0030 seconds

put 'task1','applicant|312','APPLICANT:full-name','James Bond'
0 row(s) in 0.0030 seconds

put 'task1','applicant|312','APPLICANT:date-of-birth','01-01-1960'
0 row(s) in 0.0020 seconds


put 'task1','applicant|313','APPLICANT:number','666'
0 row(s) in 0.0030 seconds

put 'task1','applicant|313','APPLICANT:full-name','Very Big Data'
0 row(s) in 0.0080 seconds

put 'task1','applicant|313','APPLICANT:date-of-birth','01-01-1999'
0 row(s) in 0.0030 seconds


put 'task1','application|007|312|SIM|01','APPLICATION:application-number','01'
0 row(s) in 0.0030 seconds

put 'task1','application|007|312|SIM|01','APPLICATION:total-skills','5'
0 row(s) in 0.0060 seconds

put 'task1','application|007|312|SIM|01','APPLICATION:education-level','high'
0 row(s) in 0.0060 seconds

put 'task1','application|007|312|SIM|01','POSITION:position-number','312'
0 row(s) in 0.0190 seconds

put 'task1','application|007|312|SIM|01','APPLICANT:number','007'
0 row(s) in 0.0090 seconds

put 'task1','application|007|312|SIM|01','EMPLOYER:ename','SIM'
0 row(s) in 0.0050 seconds


put 'task1','application|666|312|SIM|02','APPLICATION:application-number','02'
0 row(s) in 0.0040 seconds

put 'task1','application|666|312|SIM|02','APPLICATION:total-skills','5'
0 row(s) in 0.0040 seconds

put 'task1','application|666|312|SIM|02','APPLICATION:education-level','low'
0 row(s) in 0.0050 seconds

put 'task1','application|666|312|SIM|02','POSITION:position-number','312'
0 row(s) in 0.0040 seconds

put 'task1','application|666|312|SIM|02','APPLICANT:number','666'
0 row(s) in 0.0040 seconds

put 'task1','application|666|312|SIM|02','EMPLOYER:ename','SIM'
0 row(s) in 0.0020 seconds


put 'task1','application|007|313|UOW|03','APPLICATION:application-number','01'
0 row(s) in 0.0120 seconds

put 'task1','application|007|313|UOW|03','APPLICATION:total-skills','5'
0 row(s) in 0.0110 seconds

put 'task1','application|007|313|UOW|03','APPLICATION:education-level','high'
0 row(s) in 0.0050 seconds

put 'task1','application|007|313|UOW|03','POSITION:position-number','313'
0 row(s) in 0.0040 seconds

put 'task1','application|007|313|UOW|03','APPLICANT:number','007'
0 row(s) in 0.0040 seconds

put 'task1','application|007|313|UOW|03','EMPLOYER:ename','UOW'
0 row(s) in 0.0030 seconds



get 'task1','position|312',{COLUMN=>'POSITION',VERSIONS=>1}
COLUMN  CELL
 POSITION:position-number timestamp=1637242932255, value=312
 POSITION:salary timestamp=1637242932272, value=600000
 POSITION:title timestamp=1637242932263, value=Big Data Manager
3 row(s) in 0.0270 seconds



get 'task1','application|007|312|SIM|01',{COLUMN=>['APPLICATION','EMPLOYER','APPLICANT','POSITION'],VERSIONS=>1}
COLUMN  CELL
 APPLICANT:number timestamp=1637242932400, value=007
 APPLICATION:application-number timestamp=1637242932355, value=01
 APPLICATION:education-level timestamp=1637242932371, value=high
 APPLICATION:total-skills timestamp=1637242932363, value=5
 EMPLOYER:ename timestamp=1637242932411, value=SIM
 POSITION:position-number timestamp=1637242932389, value=312
6 row(s) in 0.0100 seconds



alter 'task1', 'delete' => 'EMPLOYER'
Updating all regions with the new schema...
1/1 regions updated.
Done.
0 row(s) in 1.8930 seconds



put 'task1','position|313','POSITION:total-number-of-applications','2'
0 row(s) in 0.0060 seconds

put 'task1','position|312','POSITION:total-number-of-applications','1'
0 row(s) in 0.0060 seconds



alter 'task1', {NAME=>'APPLICANT', VERSIONS=>'3'}
Updating all regions with the new schema...
1/1 regions updated.
Done.
0 row(s) in 1.8900 seconds




desc 'task1'
Table task1 is ENABLED
task1
COLUMN FAMILIES DESCRIPTION
{NAME => 'APPLICANT', BLOOMFILTER => 'ROW', VERSIONS => '3', IN_MEMORY => 'false', KEEP_DELETED_CELLS => 'FALSE', DATA_BLOCK_ENCODING => 'NONE', TTL => 'FOREVER', COMPRESSION => 'NONE', MIN_VERSIONS => '0', BLOCKCACHE => 'true', BLOCKSIZE => '65536', REPLICATION_SCOPE => '0'}
{NAME => 'APPLICATION', BLOOMFILTER => 'ROW', VERSIONS => '1', IN_MEMORY => 'false', KEEP_DELETED_CELLS => 'FALSE', DATA_BLOCK_ENCODING => 'NONE', TTL => 'FOREVER', COMPRESSION => 'NONE', MIN_VERSIONS => '0', BLOCKCACHE => 'true', BLOCKSIZE => '65536', REPLICATION_SCOPE => '0'}
{NAME => 'POSITION', BLOOMFILTER => 'ROW', VERSIONS => '1', IN_MEMORY => 'false', KEEP_DELETED_CELLS => 'FALSE', DATA_BLOCK_ENCODING => 'NONE', TTL => 'FOREVER', COMPRESSION => 'NONE', MIN_VERSIONS => '0', BLOCKCACHE => 'true', BLOCKSIZE => '65536', REPLICATION_SCOPE => '0'}
3 row(s) in 0.0240 seconds


scan 'task1'
ROW  COLUMN+CELL
 applicant|312 column=APPLICANT:date-of-birth, timestamp=1637242932312, value=01-01-1960
 applicant|312 column=APPLICANT:full-name, timestamp=1637242932308, value=James Bond
 applicant|312 column=APPLICANT:number, timestamp=1637242932297, value=007
 applicant|313 column=APPLICANT:date-of-birth, timestamp=1637242932350, value=01-01-1999
 applicant|313 column=APPLICANT:full-name, timestamp=1637242932338, value=Very Big Data
 applicant|313 column=APPLICANT:number, timestamp=1637242932327, value=666
 application|007|312|SIM|01 column=APPLICANT:number, timestamp=1637242932400, value=007
 application|007|312|SIM|01 column=APPLICATION:application-number, timestamp=1637242932355, value=01
 application|007|312|SIM|01 column=APPLICATION:education-level, timestamp=1637242932371, value=high
 application|007|312|SIM|01 column=APPLICATION:total-skills, timestamp=1637242932363, value=5
 application|007|312|SIM|01 column=POSITION:position-number, timestamp=1637242932389, value=312
 application|007|313|UOW|03 column=APPLICANT:number, timestamp=1637242932492, value=007
 application|007|313|UOW|03 column=APPLICATION:application-number, timestamp=1637242932456, value=01
 application|007|313|UOW|03 column=APPLICATION:education-level, timestamp=1637242932480, value=high
 application|007|313|UOW|03 column=APPLICATION:total-skills, timestamp=1637242932473, value=5
 application|007|313|UOW|03 column=POSITION:position-number, timestamp=1637242932487, value=313
 application|666|312|SIM|02 column=APPLICANT:number, timestamp=1637242932444, value=666
 application|666|312|SIM|02 column=APPLICATION:application-number, timestamp=1637242932417, value=02
 application|666|312|SIM|02 column=APPLICATION:education-level, timestamp=1637242932430, value=low
 application|666|312|SIM|02 column=APPLICATION:total-skills, timestamp=1637242932421, value=5
 application|666|312|SIM|02 column=POSITION:position-number, timestamp=1637242932436, value=312
 position|312 column=POSITION:position-number, timestamp=1637242932255, value=312
 position|312 column=POSITION:salary, timestamp=1637242932272, value=600000
 position|312 column=POSITION:title, timestamp=1637242932263, value=Big Data Manager
 position|312 column=POSITION:total-number-of-applications, timestamp=1637242934455, value=1
 position|313 column=POSITION:position-number, timestamp=1637242932280, value=313
 position|313 column=POSITION:salary, timestamp=1637242932292, value=700000
 position|313 column=POSITION:title, timestamp=1637242932284, value=Very Big Data Manager
 position|313 column=POSITION:total-number-of-applications, timestamp=1637242934448, value=2
7 row(s) in 0.0350 seconds


disable 'task1'
0 row(s) in 2.2290 seconds


drop 'task1'
0 row(s) in 1.2260 seconds

