Pig Stack Trace
---------------
ERROR 1025: 
<file solution3.pig, line 53, column 58> Invalid field projection. Projected field [EMPLOYEE_ID] does not exist in schema: consolidated::CUSTOMER_ID:int,consolidated::CUSTOMER_CODE:chararray,consolidated::COMPANY_NAME:chararray,consolidated::CONTACT_NAME:chararray,consolidated::CONTACT_TITLE:chararray,consolidated::CITY:chararray,consolidated::REGION:chararray,consolidated::POSTAL_CODE:chararray,consolidated::COUNTRY:chararray,consolidated::PHONE:chararray,consolidated::FAX:chararray,order_details::ORDER_ID:int,order_details::PRODUCT_ID:int,order_details::CUSTOMER_ID:int,order_details::SALESPERSON_ID:int,order_details::UNIT_PRICE:double,order_details::QUANTITY:int,order_details::DISCOUNT:double.

org.apache.pig.impl.logicalLayer.FrontendException: ERROR 1066: Unable to open iterator for alias results
	at org.apache.pig.PigServer.openIterator(PigServer.java:1019)
	at org.apache.pig.tools.grunt.GruntParser.processDump(GruntParser.java:747)
	at org.apache.pig.tools.pigscript.parser.PigScriptParser.parse(PigScriptParser.java:376)
	at org.apache.pig.tools.grunt.GruntParser.parseStopOnError(GruntParser.java:231)
	at org.apache.pig.tools.grunt.GruntParser.parseStopOnError(GruntParser.java:206)
	at org.apache.pig.tools.grunt.Grunt.exec(Grunt.java:81)
	at org.apache.pig.Main.run(Main.java:501)
	at org.apache.pig.Main.main(Main.java:176)
	at sun.reflect.NativeMethodAccessorImpl.invoke0(Native Method)
	at sun.reflect.NativeMethodAccessorImpl.invoke(NativeMethodAccessorImpl.java:62)
	at sun.reflect.DelegatingMethodAccessorImpl.invoke(DelegatingMethodAccessorImpl.java:43)
	at java.lang.reflect.Method.invoke(Method.java:498)
	at org.apache.hadoop.util.RunJar.run(RunJar.java:221)
	at org.apache.hadoop.util.RunJar.main(RunJar.java:136)
Caused by: org.apache.pig.PigException: ERROR 1002: Unable to store alias results
	at org.apache.pig.PigServer.storeEx(PigServer.java:1122)
	at org.apache.pig.PigServer.store(PigServer.java:1081)
	at org.apache.pig.PigServer.openIterator(PigServer.java:994)
	... 13 more
Caused by: org.apache.pig.impl.plan.PlanValidationException: ERROR 1025: 
<file solution3.pig, line 53, column 58> Invalid field projection. Projected field [EMPLOYEE_ID] does not exist in schema: consolidated::CUSTOMER_ID:int,consolidated::CUSTOMER_CODE:chararray,consolidated::COMPANY_NAME:chararray,consolidated::CONTACT_NAME:chararray,consolidated::CONTACT_TITLE:chararray,consolidated::CITY:chararray,consolidated::REGION:chararray,consolidated::POSTAL_CODE:chararray,consolidated::COUNTRY:chararray,consolidated::PHONE:chararray,consolidated::FAX:chararray,order_details::ORDER_ID:int,order_details::PRODUCT_ID:int,order_details::CUSTOMER_ID:int,order_details::SALESPERSON_ID:int,order_details::UNIT_PRICE:double,order_details::QUANTITY:int,order_details::DISCOUNT:double.
	at org.apache.pig.newplan.logical.expression.ProjectExpression.findColNum(ProjectExpression.java:191)
	at org.apache.pig.newplan.logical.expression.ProjectExpression.setColumnNumberFromAlias(ProjectExpression.java:174)
	at org.apache.pig.newplan.logical.visitor.ColumnAliasConversionVisitor$1.visit(ColumnAliasConversionVisitor.java:53)
	at org.apache.pig.newplan.logical.expression.ProjectExpression.accept(ProjectExpression.java:215)
	at org.apache.pig.newplan.DependencyOrderWalker.walk(DependencyOrderWalker.java:75)
	at org.apache.pig.newplan.PlanVisitor.visit(PlanVisitor.java:52)
	at org.apache.pig.newplan.logical.optimizer.AllExpressionVisitor.visitAll(AllExpressionVisitor.java:72)
	at org.apache.pig.newplan.logical.optimizer.AllExpressionVisitor.visit(AllExpressionVisitor.java:95)
	at org.apache.pig.newplan.logical.relational.LOJoin.accept(LOJoin.java:172)
	at org.apache.pig.newplan.DependencyOrderWalker.walk(DependencyOrderWalker.java:75)
	at org.apache.pig.newplan.PlanVisitor.visit(PlanVisitor.java:52)
	at org.apache.pig.newplan.logical.relational.LogicalPlan.validate(LogicalPlan.java:175)
	at org.apache.pig.PigServer$Graph.compile(PigServer.java:1851)
	at org.apache.pig.PigServer$Graph.access$300(PigServer.java:1527)
	at org.apache.pig.PigServer.storeEx(PigServer.java:1117)
	... 15 more
================================================================================
