Pig Stack Trace
---------------
ERROR 1000: Error during parsing. Encountered " <IDENTIFIER> "claer "" at line 14, column 1.
Was expecting one of:
    <EOF> 
    "cat" ...
    "clear" ...
    "fs" ...
    "sh" ...
    "cd" ...
    "cp" ...
    "copyFromLocal" ...
    "copyToLocal" ...
    "dump" ...
    "\\d" ...
    "describe" ...
    "\\de" ...
    "aliases" ...
    "explain" ...
    "\\e" ...
    "help" ...
    "history" ...
    "kill" ...
    "ls" ...
    "mv" ...
    "mkdir" ...
    "pwd" ...
    "quit" ...
    "\\q" ...
    "register" ...
    "rm" ...
    "rmf" ...
    "set" ...
    "illustrate" ...
    "\\i" ...
    "run" ...
    "exec" ...
    "%default" ...
    "%declare" ...
    "scriptDone" ...
    "" ...
    "" ...
    <EOL> ...
    ";" ...
    

org.apache.pig.tools.pigscript.parser.ParseException: Encountered " <IDENTIFIER> "claer "" at line 14, column 1.
Was expecting one of:
    <EOF> 
    "cat" ...
    "clear" ...
    "fs" ...
    "sh" ...
    "cd" ...
    "cp" ...
    "copyFromLocal" ...
    "copyToLocal" ...
    "dump" ...
    "\\d" ...
    "describe" ...
    "\\de" ...
    "aliases" ...
    "explain" ...
    "\\e" ...
    "help" ...
    "history" ...
    "kill" ...
    "ls" ...
    "mv" ...
    "mkdir" ...
    "pwd" ...
    "quit" ...
    "\\q" ...
    "register" ...
    "rm" ...
    "rmf" ...
    "set" ...
    "illustrate" ...
    "\\i" ...
    "run" ...
    "exec" ...
    "%default" ...
    "%declare" ...
    "scriptDone" ...
    "" ...
    "" ...
    <EOL> ...
    ";" ...
    
	at org.apache.pig.tools.pigscript.parser.PigScriptParser.generateParseException(PigScriptParser.java:1498)
	at org.apache.pig.tools.pigscript.parser.PigScriptParser.handle_invalid_command(PigScriptParser.java:1306)
	at org.apache.pig.tools.pigscript.parser.PigScriptParser.parse(PigScriptParser.java:726)
	at org.apache.pig.tools.grunt.GruntParser.parseStopOnError(GruntParser.java:231)
	at org.apache.pig.tools.grunt.GruntParser.parseStopOnError(GruntParser.java:206)
	at org.apache.pig.tools.grunt.Grunt.run(Grunt.java:66)
	at org.apache.pig.Main.run(Main.java:564)
	at org.apache.pig.Main.main(Main.java:176)
	at sun.reflect.NativeMethodAccessorImpl.invoke0(Native Method)
	at sun.reflect.NativeMethodAccessorImpl.invoke(NativeMethodAccessorImpl.java:62)
	at sun.reflect.DelegatingMethodAccessorImpl.invoke(DelegatingMethodAccessorImpl.java:43)
	at java.lang.reflect.Method.invoke(Method.java:498)
	at org.apache.hadoop.util.RunJar.run(RunJar.java:221)
	at org.apache.hadoop.util.RunJar.main(RunJar.java:136)
================================================================================
Pig Stack Trace
---------------
ERROR 1003: Unable to find an operator for alias orders

org.apache.pig.impl.logicalLayer.FrontendException: ERROR 1001: Unable to describe schema for alias orders
	at org.apache.pig.PigServer.dumpSchema(PigServer.java:907)
	at org.apache.pig.tools.grunt.GruntParser.processDescribe(GruntParser.java:322)
	at org.apache.pig.tools.pigscript.parser.PigScriptParser.parse(PigScriptParser.java:416)
	at org.apache.pig.tools.grunt.GruntParser.parseStopOnError(GruntParser.java:231)
	at org.apache.pig.tools.grunt.GruntParser.parseStopOnError(GruntParser.java:206)
	at org.apache.pig.tools.grunt.Grunt.run(Grunt.java:66)
	at org.apache.pig.Main.run(Main.java:564)
	at org.apache.pig.Main.main(Main.java:176)
	at sun.reflect.NativeMethodAccessorImpl.invoke0(Native Method)
	at sun.reflect.NativeMethodAccessorImpl.invoke(NativeMethodAccessorImpl.java:62)
	at sun.reflect.DelegatingMethodAccessorImpl.invoke(DelegatingMethodAccessorImpl.java:43)
	at java.lang.reflect.Method.invoke(Method.java:498)
	at org.apache.hadoop.util.RunJar.run(RunJar.java:221)
	at org.apache.hadoop.util.RunJar.main(RunJar.java:136)
Caused by: org.apache.pig.impl.logicalLayer.FrontendException: ERROR 1003: Unable to find an operator for alias orders
	at org.apache.pig.PigServer$Graph.buildPlan(PigServer.java:1628)
	at org.apache.pig.PigServer.buildStorePlan(PigServer.java:1415)
	at org.apache.pig.PigServer.getOperatorForAlias(PigServer.java:1502)
	at org.apache.pig.PigServer.dumpSchema(PigServer.java:890)
	... 13 more
================================================================================
Pig Stack Trace
---------------
ERROR 1003: Unable to find an operator for alias salespersons

org.apache.pig.impl.logicalLayer.FrontendException: ERROR 1001: Unable to describe schema for alias salespersons
	at org.apache.pig.PigServer.dumpSchema(PigServer.java:907)
	at org.apache.pig.tools.grunt.GruntParser.processDescribe(GruntParser.java:322)
	at org.apache.pig.tools.pigscript.parser.PigScriptParser.parse(PigScriptParser.java:416)
	at org.apache.pig.tools.grunt.GruntParser.parseStopOnError(GruntParser.java:231)
	at org.apache.pig.tools.grunt.GruntParser.parseStopOnError(GruntParser.java:206)
	at org.apache.pig.tools.grunt.Grunt.run(Grunt.java:66)
	at org.apache.pig.Main.run(Main.java:564)
	at org.apache.pig.Main.main(Main.java:176)
	at sun.reflect.NativeMethodAccessorImpl.invoke0(Native Method)
	at sun.reflect.NativeMethodAccessorImpl.invoke(NativeMethodAccessorImpl.java:62)
	at sun.reflect.DelegatingMethodAccessorImpl.invoke(DelegatingMethodAccessorImpl.java:43)
	at java.lang.reflect.Method.invoke(Method.java:498)
	at org.apache.hadoop.util.RunJar.run(RunJar.java:221)
	at org.apache.hadoop.util.RunJar.main(RunJar.java:136)
Caused by: org.apache.pig.impl.logicalLayer.FrontendException: ERROR 1003: Unable to find an operator for alias salespersons
	at org.apache.pig.PigServer$Graph.buildPlan(PigServer.java:1628)
	at org.apache.pig.PigServer.buildStorePlan(PigServer.java:1415)
	at org.apache.pig.PigServer.getOperatorForAlias(PigServer.java:1502)
	at org.apache.pig.PigServer.dumpSchema(PigServer.java:890)
	... 13 more
================================================================================
Pig Stack Trace
---------------
ERROR 1003: Unable to find an operator for alias salespersons

org.apache.pig.impl.logicalLayer.FrontendException: ERROR 1003: Unable to find an operator for alias salespersons
	at org.apache.pig.PigServer$Graph.buildPlan(PigServer.java:1628)
	at org.apache.pig.PigServer.storeEx(PigServer.java:1113)
	at org.apache.pig.PigServer.store(PigServer.java:1081)
	at org.apache.pig.PigServer.openIterator(PigServer.java:994)
	at org.apache.pig.tools.grunt.GruntParser.processDump(GruntParser.java:747)
	at org.apache.pig.tools.pigscript.parser.PigScriptParser.parse(PigScriptParser.java:376)
	at org.apache.pig.tools.grunt.GruntParser.parseStopOnError(GruntParser.java:231)
	at org.apache.pig.tools.grunt.GruntParser.parseStopOnError(GruntParser.java:206)
	at org.apache.pig.tools.grunt.Grunt.run(Grunt.java:66)
	at org.apache.pig.Main.run(Main.java:564)
	at org.apache.pig.Main.main(Main.java:176)
	at sun.reflect.NativeMethodAccessorImpl.invoke0(Native Method)
	at sun.reflect.NativeMethodAccessorImpl.invoke(NativeMethodAccessorImpl.java:62)
	at sun.reflect.DelegatingMethodAccessorImpl.invoke(DelegatingMethodAccessorImpl.java:43)
	at java.lang.reflect.Method.invoke(Method.java:498)
	at org.apache.hadoop.util.RunJar.run(RunJar.java:221)
	at org.apache.hadoop.util.RunJar.main(RunJar.java:136)
================================================================================
Pig Stack Trace
---------------
ERROR 1003: Unable to find an operator for alias salespersons

org.apache.pig.impl.logicalLayer.FrontendException: ERROR 1003: Unable to find an operator for alias salespersons
	at org.apache.pig.PigServer$Graph.buildPlan(PigServer.java:1628)
	at org.apache.pig.PigServer.storeEx(PigServer.java:1113)
	at org.apache.pig.PigServer.store(PigServer.java:1081)
	at org.apache.pig.PigServer.openIterator(PigServer.java:994)
	at org.apache.pig.tools.grunt.GruntParser.processDump(GruntParser.java:747)
	at org.apache.pig.tools.pigscript.parser.PigScriptParser.parse(PigScriptParser.java:376)
	at org.apache.pig.tools.grunt.GruntParser.parseStopOnError(GruntParser.java:231)
	at org.apache.pig.tools.grunt.GruntParser.parseStopOnError(GruntParser.java:206)
	at org.apache.pig.tools.grunt.Grunt.run(Grunt.java:66)
	at org.apache.pig.Main.run(Main.java:564)
	at org.apache.pig.Main.main(Main.java:176)
	at sun.reflect.NativeMethodAccessorImpl.invoke0(Native Method)
	at sun.reflect.NativeMethodAccessorImpl.invoke(NativeMethodAccessorImpl.java:62)
	at sun.reflect.DelegatingMethodAccessorImpl.invoke(DelegatingMethodAccessorImpl.java:43)
	at java.lang.reflect.Method.invoke(Method.java:498)
	at org.apache.hadoop.util.RunJar.run(RunJar.java:221)
	at org.apache.hadoop.util.RunJar.main(RunJar.java:136)
================================================================================
